<?xml version="1.0" encoding="UTF-8"?>
<!-- Generated by org.testng.reporters.JUnitReportReporter -->
<testsuite hostname="sonulal" failures="0" tests="1" name="programs.Fileuploading" time="4.609" errors="0" timestamp="2024-07-23T17:10:24 IST" skipped="0">
  <testcase classname="programs.Fileuploading" name="test1" time="4.609"/>
  <system-out/>
</testsuite> <!-- programs.Fileuploading -->
