<?xml version="1.0" encoding="UTF-8"?>
<!-- Generated by org.testng.reporters.JUnitReportReporter -->
<testsuite hostname="sonulal" failures="0" tests="4" name="testng.Testngdemo" time="0.011" errors="0" timestamp="2024-07-18T12:44:54 IST" skipped="1">
  <testcase classname="testng.Testngdemo" name="test3" time="0.001"/>
  <system-out/>
  <testcase classname="testng.Testngdemo" name="test2" time="0.008"/>
  <system-out/>
  <testcase classname="testng.Testngdemo" name="test2" time="0.002"/>
  <system-out/>
  <testcase classname="testng.Testngdemo" name="test1">
    <skipped/>
  </testcase> <!-- test1 -->
  <system-out/>
</testsuite> <!-- testng.Testngdemo -->
