<?xml version="1.0" encoding="UTF-8"?>
<!-- Generated by org.testng.reporters.JUnitReportReporter -->
<testsuite hostname="sonulal" failures="0" tests="1" name="testng.Fbdropdown" time="2.593" errors="0" timestamp="2024-07-18T13:33:49 IST" skipped="0">
  <testcase classname="testng.Fbdropdown" name="test" time="2.593"/>
  <system-out/>
</testsuite> <!-- testng.Fbdropdown -->
