<?xml version="1.0" encoding="UTF-8"?>
<!-- Generated by org.testng.reporters.JUnitReportReporter -->
<testsuite hostname="sonulal" failures="0" tests="1" name="testng.Draganddrop" time="22.200" errors="0" timestamp="2024-07-22T12:41:54 IST" skipped="0">
  <testcase classname="testng.Draganddrop" name="test1" time="22.200"/>
  <system-out/>
</testsuite> <!-- testng.Draganddrop -->
