<?xml version="1.0" encoding="UTF-8"?>
<!-- Generated by org.testng.reporters.JUnitReportReporter -->
<testsuite hostname="sonulal" failures="0" tests="1" name="testng.Rishiherbal" time="415.760" errors="0" timestamp="2024-08-04T14:28:41 IST" skipped="0">
  <testcase classname="testng.Rishiherbal" name="test" time="415.760"/>
  <system-out/>
</testsuite> <!-- testng.Rishiherbal -->
