<?xml version="1.0" encoding="UTF-8"?>
<!-- Generated by org.testng.reporters.JUnitReportReporter -->
<testsuite hostname="sonulal" failures="0" tests="2" name="test.Blazetest" time="17.593" errors="0" timestamp="2024-08-04T13:29:03 IST" skipped="0">
  <testcase classname="test.Blazetest" name="register" time="2.230"/>
  <system-out/>
  <testcase classname="test.Blazetest" name="login" time="15.363"/>
  <system-out/>
</testsuite> <!-- test.Blazetest -->
