<?xml version="1.0" encoding="UTF-8"?>
<!-- Generated by org.testng.reporters.JUnitReportReporter -->
<testsuite hostname="sonulal" failures="0" tests="1" name="testng.Guru99fileupload" time="5.070" errors="0" timestamp="2024-07-23T20:24:55 IST" skipped="0">
  <testcase classname="testng.Guru99fileupload" name="test1" time="5.070"/>
  <system-out/>
</testsuite> <!-- testng.Guru99fileupload -->
