<?xml version="1.0" encoding="UTF-8"?>
<!-- Generated by org.testng.reporters.JUnitReportReporter -->
<testsuite hostname="sonulal" failures="0" tests="3" name="testng.Groupingpgm" time="0.021" errors="0" timestamp="2024-07-19T12:45:59 IST" skipped="0">
  <testcase classname="testng.Groupingpgm" name="main1" time="0.018"/>
  <system-out/>
  <testcase classname="testng.Groupingpgm" name="main4" time="0.001"/>
  <system-out/>
  <testcase classname="testng.Groupingpgm" name="main2" time="0.002"/>
  <system-out/>
</testsuite> <!-- testng.Groupingpgm -->
