<?xml version="1.0" encoding="UTF-8"?>
<!-- Generated by org.testng.reporters.JUnitReportReporter -->
<testsuite hostname="sonulal" failures="0" tests="1" name="testng.Datepicker" time="2.342" errors="0" timestamp="2024-07-26T13:33:14 IST" skipped="0">
  <testcase classname="testng.Datepicker" name="testlogin" time="2.342"/>
  <system-out/>
</testsuite> <!-- testng.Datepicker -->
