<?xml version="1.0" encoding="UTF-8"?>
<!-- Generated by org.testng.reporters.JUnitReportReporter -->
<testsuite hostname="sonulal" failures="0" tests="1" name="testng.Datadriverlogin" time="65.676" errors="0" timestamp="2024-07-25T22:11:26 IST" skipped="0">
  <testcase classname="testng.Datadriverlogin" name="main" time="65.676"/>
  <system-out/>
</testsuite> <!-- testng.Datadriverlogin -->
