<?xml version="1.0" encoding="UTF-8"?>
<!-- Generated by org.testng.reporters.JUnitReportReporter -->
<testsuite hostname="sonulal" failures="0" tests="1" name="testng.Notificationdisablepgm" time="2.317" errors="0" timestamp="2024-07-26T19:23:50 IST" skipped="0">
  <testcase classname="testng.Notificationdisablepgm" name="url" time="2.317"/>
  <system-out/>
</testsuite> <!-- testng.Notificationdisablepgm -->
