<?xml version="1.0" encoding="UTF-8"?>
<!-- Generated by org.testng.reporters.JUnitReportReporter -->
<testsuite hostname="sonulal" failures="0" tests="1" name="testng.Scrolldownpgm" time="1.781" errors="0" timestamp="2024-07-26T19:40:25 IST" skipped="0">
  <testcase classname="testng.Scrolldownpgm" name="test1" time="1.781"/>
  <system-out/>
</testsuite> <!-- testng.Scrolldownpgm -->
