<?xml version="1.0" encoding="UTF-8"?>
<!-- Generated by org.testng.reporters.JUnitReportReporter -->
<testsuite hostname="sonulal" failures="0" tests="1" name="testng.Parameterbrowser" time="0.010" errors="0" timestamp="2024-07-19T12:57:56 IST" skipped="0">
  <testcase classname="testng.Parameterbrowser" name="main" time="0.010"/>
  <system-out/>
</testsuite> <!-- testng.Parameterbrowser -->
