<?xml version="1.0" encoding="UTF-8"?>
<!-- Generated by org.testng.reporters.JUnitReportReporter -->
<testsuite hostname="sonulal" failures="0" tests="1" name="testng.Rightclick" time="3.964" errors="0" timestamp="2024-07-22T13:31:29 IST" skipped="0">
  <testcase classname="testng.Rightclick" name="test1" time="3.964"/>
  <system-out/>
</testsuite> <!-- testng.Rightclick -->
