<?xml version="1.0" encoding="UTF-8"?>
<!-- Generated by org.testng.reporters.JUnitReportReporter -->
<testsuite hostname="sonulal" failures="0" tests="1" name="testng.Actionspgm" time="22.268" errors="0" timestamp="2024-07-22T12:13:16 IST" skipped="0">
  <testcase classname="testng.Actionspgm" name="test1" time="22.268"/>
  <system-out/>
</testsuite> <!-- testng.Actionspgm -->
