<?xml version="1.0" encoding="UTF-8"?>
<!-- Generated by org.testng.reporters.JUnitReportReporter -->
<testsuite hostname="sonulal" failures="0" tests="1" name="testng.Saucedemo" time="93.821" errors="0" timestamp="2024-07-25T22:07:57 IST" skipped="0">
  <testcase classname="testng.Saucedemo" name="main" time="93.821"/>
  <system-out/>
</testsuite> <!-- testng.Saucedemo -->
