<?xml version="1.0" encoding="UTF-8"?>
<!-- Generated by org.testng.reporters.JUnitReportReporter -->
<testsuite hostname="sonulal" failures="0" tests="1" name="programs.Mouseover" time="7.905" errors="0" timestamp="2024-07-23T12:22:20 IST" skipped="0">
  <testcase classname="programs.Mouseover" name="test1" time="7.905"/>
  <system-out/>
</testsuite> <!-- programs.Mouseover -->
